[INFO] Scanning for projects...
[INFO] 
[INFO] --------------------------< com.example:demo >--------------------------
[INFO] Building demo 0.0.1-SNAPSHOT
[INFO]   from pom.xml
[INFO] --------------------------------[ jar ]---------------------------------
[INFO] 
[INFO] >>> spring-boot:3.5.3:run (default-cli) > test-compile @ demo >>>
[INFO] 
[INFO] --- resources:3.3.1:resources (default-resources) @ demo ---
[INFO] Copying 1 resource from src/main/resources to target/classes
[INFO] Copying 11 resources from src/main/resources to target/classes
[INFO] 
[INFO] --- compiler:3.14.0:compile (default-compile) @ demo ---
[INFO] Nothing to compile - all classes are up to date.
[INFO] 
[INFO] --- resources:3.3.1:testResources (default-testResources) @ demo ---
[INFO] skip non existing resourceDirectory /Users/efe/Desktop/crs/crs/crs-app/src/test/resources
[INFO] 
[INFO] --- compiler:3.14.0:testCompile (default-testCompile) @ demo ---
[INFO] Nothing to compile - all classes are up to date.
[INFO] 
[INFO] <<< spring-boot:3.5.3:run (default-cli) < test-compile @ demo <<<
[INFO] 
[INFO] 
[INFO] --- spring-boot:3.5.3:run (default-cli) @ demo ---
[INFO] Attaching agents: []

  .   ____          _            __ _ _
 /\\ / ___'_ __ _ _(_)_ __  __ _ \ \ \ \
( ( )\___ | '_ | '_| | '_ \/ _` | \ \ \ \
 \\/  ___)| |_)| | | | | || (_| |  ) ) ) )
  '  |____| .__|_| |_|_| |_\__, | / / / /
 =========|_|==============|___/=/_/_/_/

 :: Spring Boot ::                (v3.5.3)

2025-09-15T16:30:39.090+03:00  INFO 15377 --- [demo] [           main] com.example.demo.DemoApplication         : Starting DemoApplication using Java 23.0.2 with PID 15377 (/Users/efe/Desktop/crs/crs/crs-app/target/classes started by efe in /Users/efe/Desktop/crs/crs/crs-app)
2025-09-15T16:30:39.090+03:00  INFO 15377 --- [demo] [           main] com.example.demo.DemoApplication         : No active profile set, falling back to 1 default profile: "default"
2025-09-15T16:30:39.948+03:00  WARN 15377 --- [demo] [           main] JpaBaseConfiguration$JpaWebConfiguration : spring.jpa.open-in-view is enabled by default. Therefore, database queries may be performed during view rendering. Explicitly configure spring.jpa.open-in-view to disable this warning
2025-09-15T16:30:40.093+03:00  INFO 15377 --- [demo] [           main] com.example.demo.DemoApplication         : Started DemoApplication in 1.126 seconds (process running for 1.237)
2025-09-15T17:14:08.319+03:00  WARN 15377 --- [demo] [l-1:housekeeper] com.zaxxer.hikari.pool.HikariPool        : HikariPool-1 - Thread starvation or clock leap detected (housekeeper delta=5m28s61ms).
2025-09-15T17:19:36.913+03:00  WARN 15377 --- [demo] [l-1:housekeeper] com.zaxxer.hikari.pool.HikariPool        : HikariPool-1 - Thread starvation or clock leap detected (housekeeper delta=5m28s594ms).
2025-09-15T17:24:49.328+03:00  WARN 15377 --- [demo] [l-1:housekeeper] com.zaxxer.hikari.pool.HikariPool        : HikariPool-1 - Thread starvation or clock leap detected (housekeeper delta=4m42s408ms).
2025-09-15T17:30:35.716+03:00  WARN 15377 --- [demo] [l-1:housekeeper] com.zaxxer.hikari.pool.HikariPool        : HikariPool-1 - Thread starvation or clock leap detected (housekeeper delta=5m16s381ms).
2025-09-15T17:36:03.693+03:00  WARN 15377 --- [demo] [l-1:housekeeper] com.zaxxer.hikari.pool.HikariPool        : HikariPool-1 - Thread starvation or clock leap detected (housekeeper delta=5m27s977ms).
2025-09-15T17:57:02.528+03:00  WARN 15377 --- [demo] [l-1:housekeeper] com.zaxxer.hikari.pool.HikariPool        : HikariPool-1 - Thread starvation or clock leap detected (housekeeper delta=5m28s408ms).
2025-09-15T18:02:30.427+03:00  WARN 15377 --- [demo] [l-1:housekeeper] com.zaxxer.hikari.pool.HikariPool        : HikariPool-1 - Thread starvation or clock leap detected (housekeeper delta=5m27s899ms).
2025-09-15T18:08:28.386+03:00  WARN 15377 --- [demo] [l-1:housekeeper] com.zaxxer.hikari.pool.HikariPool        : HikariPool-1 - Thread starvation or clock leap detected (housekeeper delta=5m27s935ms).
2025-09-15T18:14:26.298+03:00  WARN 15377 --- [demo] [l-1:housekeeper] com.zaxxer.hikari.pool.HikariPool        : HikariPool-1 - Thread starvation or clock leap detected (housekeeper delta=5m27s905ms).
2025-09-15T18:15:46.257+03:00  WARN 15377 --- [demo] [l-1:housekeeper] com.zaxxer.hikari.pool.HikariPool        : HikariPool-1 - Thread starvation or clock leap detected (housekeeper delta=1m19s958ms).
2025-09-15T19:23:15.578+03:00  WARN 15377 --- [demo] [l-1:housekeeper] com.zaxxer.hikari.pool.HikariPool        : HikariPool-1 - Thread starvation or clock leap detected (housekeeper delta=58s510ms).
2025-09-15T19:29:13.647+03:00  WARN 15377 --- [demo] [l-1:housekeeper] com.zaxxer.hikari.pool.HikariPool        : HikariPool-1 - Thread starvation or clock leap detected (housekeeper delta=5m28s41ms).
2025-09-15T19:30:42.852+03:00  WARN 15377 --- [demo] [l-1:housekeeper] com.zaxxer.hikari.pool.HikariPool        : HikariPool-1 - Thread starvation or clock leap detected (housekeeper delta=1m29s205ms).
2025-09-15T19:34:54.291+03:00  WARN 15377 --- [demo] [l-1:housekeeper] com.zaxxer.hikari.pool.HikariPool        : HikariPool-1 - Thread starvation or clock leap detected (housekeeper delta=3m9s472ms).
2025-09-15T19:39:43.786+03:00  WARN 15377 --- [demo] [l-1:housekeeper] com.zaxxer.hikari.pool.HikariPool        : HikariPool-1 - Thread starvation or clock leap detected (housekeeper delta=3m49s484ms).
2025-09-15T19:41:58.777+03:00  WARN 15377 --- [demo] [l-1:housekeeper] com.zaxxer.hikari.pool.HikariPool        : HikariPool-1 - Thread starvation or clock leap detected (housekeeper delta=2m14s991ms).
2025-09-15T19:45:40.183+03:00  WARN 15377 --- [demo] [l-1:housekeeper] com.zaxxer.hikari.pool.HikariPool        : HikariPool-1 - Thread starvation or clock leap detected (housekeeper delta=3m11s404ms).
2025-09-15T19:52:08.718+03:00  WARN 15377 --- [demo] [l-1:housekeeper] com.zaxxer.hikari.pool.HikariPool        : HikariPool-1 - Thread starvation or clock leap detected (housekeeper delta=5m27s560ms).
2025-09-15T20:57:38.201+03:00  WARN 15377 --- [demo] [l-1:housekeeper] com.zaxxer.hikari.pool.HikariPool        : HikariPool-1 - Thread starvation or clock leap detected (housekeeper delta=5m28s543ms).
2025-09-15T21:03:36.169+03:00  WARN 15377 --- [demo] [l-1:housekeeper] com.zaxxer.hikari.pool.HikariPool        : HikariPool-1 - Thread starvation or clock leap detected (housekeeper delta=5m27s960ms).
2025-09-15T21:07:51.978+03:00  WARN 15377 --- [demo] [l-1:housekeeper] com.zaxxer.hikari.pool.HikariPool        : HikariPool-1 - Thread starvation or clock leap detected (housekeeper delta=4m15s809ms).
2025-09-15T21:13:49.970+03:00  WARN 15377 --- [demo] [l-1:housekeeper] com.zaxxer.hikari.pool.HikariPool        : HikariPool-1 - Thread starvation or clock leap detected (housekeeper delta=5m27s983ms).
2025-09-15T21:19:47.929+03:00  WARN 15377 --- [demo] [l-1:housekeeper] com.zaxxer.hikari.pool.HikariPool        : HikariPool-1 - Thread starvation or clock leap detected (housekeeper delta=5m27s937ms).
2025-09-15T22:23:44.869+03:00  WARN 15377 --- [demo] [l-1:housekeeper] com.zaxxer.hikari.pool.HikariPool        : HikariPool-1 - Thread starvation or clock leap detected (housekeeper delta=3m56s282ms).
2025-09-15T23:28:43.197+03:00  WARN 15377 --- [demo] [l-1:housekeeper] com.zaxxer.hikari.pool.HikariPool        : HikariPool-1 - Thread starvation or clock leap detected (housekeeper delta=5m27s624ms).
2025-09-15T23:34:11.111+03:00  WARN 15377 --- [demo] [l-1:housekeeper] com.zaxxer.hikari.pool.HikariPool        : HikariPool-1 - Thread starvation or clock leap detected (housekeeper delta=5m27s915ms).
2025-09-15T23:40:08.846+03:00  WARN 15377 --- [demo] [l-1:housekeeper] com.zaxxer.hikari.pool.HikariPool        : HikariPool-1 - Thread starvation or clock leap detected (housekeeper delta=5m27s727ms).
2025-09-15T23:46:06.825+03:00  WARN 15377 --- [demo] [l-1:housekeeper] com.zaxxer.hikari.pool.HikariPool        : HikariPool-1 - Thread starvation or clock leap detected (housekeeper delta=5m27s975ms).
2025-09-16T00:47:25.443+03:00  WARN 15377 --- [demo] [l-1:housekeeper] com.zaxxer.hikari.pool.HikariPool        : HikariPool-1 - Thread starvation or clock leap detected (housekeeper delta=1m17s803ms).
2025-09-16T00:52:53.468+03:00  WARN 15377 --- [demo] [l-1:housekeeper] com.zaxxer.hikari.pool.HikariPool        : HikariPool-1 - Thread starvation or clock leap detected (housekeeper delta=5m28s25ms).
2025-09-16T01:59:30.089+03:00  WARN 15377 --- [demo] [l-1:housekeeper] com.zaxxer.hikari.pool.HikariPool        : HikariPool-1 - Thread starvation or clock leap detected (housekeeper delta=5m27s869ms).
2025-09-16T02:05:28.504+03:00  WARN 15377 --- [demo] [l-1:housekeeper] com.zaxxer.hikari.pool.HikariPool        : HikariPool-1 - Thread starvation or clock leap detected (housekeeper delta=5m28s407ms).
2025-09-16T03:28:57.508+03:00  WARN 15377 --- [demo] [l-1:housekeeper] com.zaxxer.hikari.pool.HikariPool        : HikariPool-1 - Thread starvation or clock leap detected (housekeeper delta=5m28s49ms).
2025-09-16T03:34:56.142+03:00  WARN 15377 --- [demo] [l-1:housekeeper] com.zaxxer.hikari.pool.HikariPool        : HikariPool-1 - Thread starvation or clock leap detected (housekeeper delta=5m28s619ms).
2025-09-16T03:40:54.947+03:00  WARN 15377 --- [demo] [l-1:housekeeper] com.zaxxer.hikari.pool.HikariPool        : HikariPool-1 - Thread starvation or clock leap detected (housekeeper delta=5m28s793ms).
2025-09-16T03:46:52.929+03:00  WARN 15377 --- [demo] [l-1:housekeeper] com.zaxxer.hikari.pool.HikariPool        : HikariPool-1 - Thread starvation or clock leap detected (housekeeper delta=5m27s974ms).
2025-09-16T04:52:21.613+03:00  WARN 15377 --- [demo] [l-1:housekeeper] com.zaxxer.hikari.pool.HikariPool        : HikariPool-1 - Thread starvation or clock leap detected (housekeeper delta=5m27s974ms).
2025-09-16T04:58:19.525+03:00  WARN 15377 --- [demo] [l-1:housekeeper] com.zaxxer.hikari.pool.HikariPool        : HikariPool-1 - Thread starvation or clock leap detected (housekeeper delta=5m27s902ms).
2025-09-16T05:03:47.430+03:00  WARN 15377 --- [demo] [l-1:housekeeper] com.zaxxer.hikari.pool.HikariPool        : HikariPool-1 - Thread starvation or clock leap detected (housekeeper delta=5m27s905ms).
2025-09-16T06:09:46.442+03:00  WARN 15377 --- [demo] [l-1:housekeeper] com.zaxxer.hikari.pool.HikariPool        : HikariPool-1 - Thread starvation or clock leap detected (housekeeper delta=5m28s211ms).
2025-09-16T07:14:45.192+03:00  WARN 15377 --- [demo] [l-1:housekeeper] com.zaxxer.hikari.pool.HikariPool        : HikariPool-1 - Thread starvation or clock leap detected (housekeeper delta=5m28s31ms).
2025-09-16T07:56:44.107+03:00  WARN 15377 --- [demo] [l-1:housekeeper] com.zaxxer.hikari.pool.HikariPool        : HikariPool-1 - Thread starvation or clock leap detected (housekeeper delta=5m28s521ms).
2025-09-16T08:02:12.004+03:00  WARN 15377 --- [demo] [l-1:housekeeper] com.zaxxer.hikari.pool.HikariPool        : HikariPool-1 - Thread starvation or clock leap detected (housekeeper delta=5m27s897ms).
2025-09-16T08:08:09.937+03:00  WARN 15377 --- [demo] [l-1:housekeeper] com.zaxxer.hikari.pool.HikariPool        : HikariPool-1 - Thread starvation or clock leap detected (housekeeper delta=5m27s935ms).
2025-09-16T08:13:37.796+03:00  WARN 15377 --- [demo] [l-1:housekeeper] com.zaxxer.hikari.pool.HikariPool        : HikariPool-1 - Thread starvation or clock leap detected (housekeeper delta=5m27s859ms).
2025-09-16T08:19:35.732+03:00  WARN 15377 --- [demo] [l-1:housekeeper] com.zaxxer.hikari.pool.HikariPool        : HikariPool-1 - Thread starvation or clock leap detected (housekeeper delta=5m27s933ms).
2025-09-16T09:24:23.767+03:00  WARN 15377 --- [demo] [l-1:housekeeper] com.zaxxer.hikari.pool.HikariPool        : HikariPool-1 - Thread starvation or clock leap detected (housekeeper delta=4m17s231ms).
2025-09-16T09:30:21.731+03:00  WARN 15377 --- [demo] [l-1:housekeeper] com.zaxxer.hikari.pool.HikariPool        : HikariPool-1 - Thread starvation or clock leap detected (housekeeper delta=5m27s959ms).
2025-09-16T09:35:49.716+03:00  WARN 15377 --- [demo] [l-1:housekeeper] com.zaxxer.hikari.pool.HikariPool        : HikariPool-1 - Thread starvation or clock leap detected (housekeeper delta=5m27s985ms).
2025-09-16T09:42:53.011+03:00  WARN 15377 --- [demo] [l-1:housekeeper] com.zaxxer.hikari.pool.HikariPool        : HikariPool-1 - Thread starvation or clock leap detected (housekeeper delta=5m27s916ms).
2025-09-16T09:48:50.775+03:00  WARN 15377 --- [demo] [l-1:housekeeper] com.zaxxer.hikari.pool.HikariPool        : HikariPool-1 - Thread starvation or clock leap detected (housekeeper delta=5m27s740ms).
2025-09-16T10:50:50.057+03:00  WARN 15377 --- [demo] [l-1:housekeeper] com.zaxxer.hikari.pool.HikariPool        : HikariPool-1 - Thread starvation or clock leap detected (housekeeper delta=58s448ms).
2025-09-16T10:56:18.726+03:00  WARN 15377 --- [demo] [l-1:housekeeper] com.zaxxer.hikari.pool.HikariPool        : HikariPool-1 - Thread starvation or clock leap detected (housekeeper delta=5m28s669ms).
2025-09-16T11:02:53.265+03:00  WARN 15377 --- [demo] [l-1:housekeeper] com.zaxxer.hikari.pool.HikariPool        : HikariPool-1 - Thread starvation or clock leap detected (housekeeper delta=5m27s799ms).
2025-09-16T12:06:22.264+03:00  WARN 15377 --- [demo] [l-1:housekeeper] com.zaxxer.hikari.pool.HikariPool        : HikariPool-1 - Thread starvation or clock leap detected (housekeeper delta=58s365ms).
